{"/Users/kenleyarai/NodeProjects/HealthDemo/src/components/InputView.js": {"path":"/Users/kenleyarai/NodeProjects/HealthDemo/src/components/InputView.js","statementMap":{"0":{"start":{"line":6,"column":4},"end":{"line":10,"column":6}}},"fnMap":{"0":{"name":"(anonymous_0)","decl":{"start":{"line":5,"column":2},"end":{"line":5,"column":3}},"loc":{"start":{"line":5,"column":11},"end":{"line":11,"column":3}},"line":5}},"branchMap":{},"s":{"0":1},"f":{"0":1},"b":{},"_coverageSchema":"332fd63041d2c1bcb487cc26dd0d5f7d97098a6c","hash":"3e9e6c133a6f0236997ec03697e420a6af4ca143"}
,"/Users/kenleyarai/NodeProjects/HealthDemo/src/components/OutputView.js": {"path":"/Users/kenleyarai/NodeProjects/HealthDemo/src/components/OutputView.js","statementMap":{"0":{"start":{"line":6,"column":4},"end":{"line":18,"column":6}}},"fnMap":{"0":{"name":"(anonymous_0)","decl":{"start":{"line":5,"column":2},"end":{"line":5,"column":3}},"loc":{"start":{"line":5,"column":11},"end":{"line":19,"column":3}},"line":5}},"branchMap":{},"s":{"0":1},"f":{"0":1},"b":{},"_coverageSchema":"332fd63041d2c1bcb487cc26dd0d5f7d97098a6c","hash":"ed74e94d128fcff3b2dc867836f0a105f8fdcc61"}
,"/Users/kenleyarai/NodeProjects/HealthDemo/src/containers/App.js": {"path":"/Users/kenleyarai/NodeProjects/HealthDemo/src/containers/App.js","statementMap":{"0":{"start":{"line":9,"column":4},"end":{"line":14,"column":6}}},"fnMap":{"0":{"name":"(anonymous_0)","decl":{"start":{"line":8,"column":2},"end":{"line":8,"column":3}},"loc":{"start":{"line":8,"column":11},"end":{"line":15,"column":3}},"line":8}},"branchMap":{},"s":{"0":1},"f":{"0":1},"b":{},"_coverageSchema":"332fd63041d2c1bcb487cc26dd0d5f7d97098a6c","hash":"ced6e25d0e0db2842d5de098b0fde0be8eef46c8"}
}
